<?xml version="1.0" encoding="UTF-8"?>
<!-- Generated by org.testng.reporters.JUnitReportReporter -->
<testsuite hostname="DESKTOP-J33V8S8" failures="0" tests="1" name="com.demoTest.TestClass002" time="0.002" errors="0" timestamp="2022-04-15T19:09:37 IST" skipped="0">
  <testcase classname="com.demoTest.TestClass002" name="nine" time="0.002"/>
  <system-out/>
</testsuite> <!-- com.demoTest.TestClass002 -->
